{"contracts/AuctionV2.sol":{"l":{"59":108,"60":108,"61":108,"62":108,"66":4,"67":3,"71":2,"72":2,"76":2,"77":1,"78":1,"89":15,"90":17,"91":17,"92":17,"93":17,"94":17,"95":17,"96":17,"97":17,"98":17,"99":17,"100":17,"101":17,"102":17,"103":17,"105":17,"112":17,"130":17,"134":16,"138":15,"147":0,"151":9,"152":8,"153":7,"154":6,"155":6,"156":6,"157":0,"158":0,"160":0,"162":0,"165":6,"166":6,"167":6,"171":4,"173":0,"177":0,"180":4,"181":4,"182":4,"183":4,"187":6,"188":5,"189":1,"190":1,"191":1,"192":1,"193":0,"195":1,"196":0,"199":1,"200":0,"201":0,"207":0,"213":0,"214":0,"216":0,"217":0,"218":0,"219":0,"229":0,"230":0,"231":0,"235":0,"236":0,"237":0,"245":0,"246":0,"247":0,"248":0,"249":0,"250":0,"260":0,"261":0,"263":0,"267":0,"273":0,"274":0,"275":0,"277":0,"279":0,"281":0,"282":0,"286":0,"287":0,"288":0,"289":0,"290":0,"291":0,"292":0,"294":0,"296":0,"297":0,"298":0,"302":8,"303":8,"307":13,"308":13,"309":0,"311":13,"315":15,"319":0,"320":0,"329":0,"330":0,"331":0,"332":0,"333":0,"334":0,"336":0,"337":0,"345":0,"346":0,"347":0,"348":0,"349":0,"351":0,"353":0,"365":0,"368":0,"369":0,"371":0,"375":0,"384":0,"392":0,"393":0,"394":0,"396":0,"400":0,"408":0,"412":0,"413":0,"414":0,"416":0,"420":0,"421":0,"422":0,"423":0,"425":0,"429":0,"433":0},"path":"/home/nixkoo/wolfy/SmartContract/hardhat/contracts/AuctionV2.sol","s":{"1":108,"2":108,"3":108,"4":108,"5":4,"6":3,"7":2,"8":2,"9":2,"10":1,"11":1,"12":15,"13":17,"14":17,"15":17,"16":17,"17":17,"18":17,"19":17,"20":17,"21":17,"22":17,"23":17,"24":17,"25":17,"26":17,"27":17,"28":17,"29":16,"30":15,"31":0,"32":9,"33":8,"34":7,"35":6,"36":6,"37":6,"38":0,"39":0,"40":0,"41":0,"42":6,"43":6,"44":6,"45":4,"46":0,"47":0,"48":4,"49":4,"50":4,"51":4,"52":6,"53":5,"54":1,"55":1,"56":1,"57":1,"58":0,"59":1,"60":0,"61":1,"62":0,"63":0,"64":0,"65":0,"66":0,"67":0,"68":0,"69":0,"70":0,"71":0,"72":0,"73":0,"74":0,"75":0,"76":0,"77":0,"78":0,"79":0,"80":0,"81":0,"82":0,"83":0,"84":0,"85":0,"86":0,"87":0,"88":0,"89":0,"90":0,"91":0,"92":0,"93":0,"94":0,"95":0,"96":0,"97":0,"98":0,"99":0,"100":0,"101":0,"102":0,"103":0,"104":0,"105":8,"106":8,"107":13,"108":13,"109":0,"110":13,"111":15,"112":0,"113":0,"114":0,"115":0,"116":0,"117":0,"118":0,"119":0,"120":0,"121":0,"122":0,"123":0,"124":0,"125":0,"126":0,"127":0,"128":0,"129":0,"130":0,"131":0,"132":0,"133":0,"134":0,"135":0,"136":0,"137":0,"138":0,"139":0,"140":0,"141":0,"142":0,"143":0,"144":0,"145":0,"146":0,"147":0,"148":0,"149":0,"150":0,"151":0},"b":{"1":[108,0],"2":[3,1],"3":[2,1],"4":[1,1],"5":[16,1],"6":[15,1],"7":[8,1],"8":[7,1],"9":[6,1],"10":[0,6],"11":[0,0],"12":[6,0],"13":[6,0],"14":[4,2],"15":[0,0],"16":[5,1],"17":[1,4],"18":[1,0],"19":[0,1],"20":[0,1],"21":[0,1],"22":[0,0],"23":[0,0],"24":[0,0],"25":[0,0],"26":[0,0],"27":[0,0],"28":[0,0],"29":[0,0],"30":[0,0],"31":[0,0],"32":[0,0],"33":[0,0],"34":[0,0],"35":[0,0],"36":[0,13],"37":[0,0],"38":[0,0],"39":[0,0]},"f":{"1":108,"2":4,"3":2,"4":15,"5":17,"6":0,"7":9,"8":6,"9":0,"10":0,"11":0,"12":8,"13":13,"14":15,"15":0,"16":0,"17":0,"18":0,"19":0,"20":0,"21":0,"22":0,"23":0,"24":0,"25":0,"26":0,"27":0},"fnMap":{"1":{"name":"constructor","line":58,"loc":{"start":{"line":58,"column":2},"end":{"line":63,"column":2}}},"2":{"name":"setFeeTakerFee","line":65,"loc":{"start":{"line":65,"column":2},"end":{"line":73,"column":2}}},"3":{"name":"transferFeeAddress","line":75,"loc":{"start":{"line":75,"column":2},"end":{"line":79,"column":2}}},"4":{"name":"createAuction","line":81,"loc":{"start":{"line":81,"column":2},"end":{"line":120,"column":2}}},"5":{"name":"createAuctionSingle","line":122,"loc":{"start":{"line":122,"column":2},"end":{"line":139,"column":2}}},"6":{"name":"createAuctionTimeLong","line":141,"loc":{"start":{"line":141,"column":2},"end":{"line":148,"column":2}}},"7":{"name":"bid","line":150,"loc":{"start":{"line":150,"column":2},"end":{"line":184,"column":2}}},"8":{"name":"finishAuction","line":186,"loc":{"start":{"line":186,"column":2},"end":{"line":226,"column":2}}},"9":{"name":"acepOffert","line":228,"loc":{"start":{"line":228,"column":2},"end":{"line":257,"column":2}}},"10":{"name":"removeOffer","line":259,"loc":{"start":{"line":259,"column":2},"end":{"line":283,"column":2}}},"11":{"name":"removeBit","line":285,"loc":{"start":{"line":285,"column":2},"end":{"line":299,"column":2}}},"12":{"name":"auctionStarted","line":301,"loc":{"start":{"line":301,"column":2},"end":{"line":304,"column":2}}},"13":{"name":"auctionIsOver","line":306,"loc":{"start":{"line":306,"column":2},"end":{"line":312,"column":2}}},"14":{"name":"auctionIsActive","line":314,"loc":{"start":{"line":314,"column":2},"end":{"line":316,"column":2}}},"15":{"name":"auctionIsInfinity","line":318,"loc":{"start":{"line":318,"column":2},"end":{"line":321,"column":2}}},"16":{"name":"payFees","line":323,"loc":{"start":{"line":323,"column":2},"end":{"line":339,"column":2}}},"17":{"name":"payArtFees","line":340,"loc":{"start":{"line":340,"column":0},"end":{"line":354,"column":2}}},"18":{"name":"getAllSellerOrdersUser","line":360,"loc":{"start":{"line":360,"column":2},"end":{"line":372,"column":2}}},"19":{"name":"getSellerOrderLength","line":374,"loc":{"start":{"line":374,"column":2},"end":{"line":376,"column":2}}},"20":{"name":"getSellerOrderUserByIndex","line":379,"loc":{"start":{"line":379,"column":2},"end":{"line":385,"column":2}}},"21":{"name":"getAllBuyerOrdersUser","line":387,"loc":{"start":{"line":387,"column":2},"end":{"line":397,"column":2}}},"22":{"name":"getBuyerOrderLength","line":399,"loc":{"start":{"line":399,"column":0},"end":{"line":401,"column":2}}},"23":{"name":"getBuyerOrderUserByIndex","line":403,"loc":{"start":{"line":403,"column":2},"end":{"line":409,"column":2}}},"24":{"name":"getAllAuctionsID","line":411,"loc":{"start":{"line":411,"column":2},"end":{"line":417,"column":2}}},"25":{"name":"getAllAuctions","line":419,"loc":{"start":{"line":419,"column":2},"end":{"line":426,"column":2}}},"26":{"name":"getAuctionLength","line":428,"loc":{"start":{"line":428,"column":2},"end":{"line":430,"column":2}}},"27":{"name":"getAuctionByIndex","line":432,"loc":{"start":{"line":432,"column":2},"end":{"line":434,"column":2}}}},"statementMap":{"1":{"start":{"line":59,"column":4},"end":{"line":59,"column":66}},"2":{"start":{"line":60,"column":4},"end":{"line":60,"column":25}},"3":{"start":{"line":61,"column":4},"end":{"line":61,"column":32}},"4":{"start":{"line":62,"column":4},"end":{"line":62,"column":16}},"5":{"start":{"line":66,"column":4},"end":{"line":66,"column":56}},"6":{"start":{"line":67,"column":4},"end":{"line":67,"column":2207}},"7":{"start":{"line":71,"column":4},"end":{"line":71,"column":69}},"8":{"start":{"line":72,"column":4},"end":{"line":72,"column":27}},"9":{"start":{"line":76,"column":4},"end":{"line":76,"column":50}},"10":{"start":{"line":77,"column":4},"end":{"line":77,"column":30}},"11":{"start":{"line":78,"column":4},"end":{"line":78,"column":53}},"12":{"start":{"line":89,"column":4},"end":{"line":89,"column":2807}},"13":{"start":{"line":91,"column":6},"end":{"line":91,"column":54}},"14":{"start":{"line":92,"column":6},"end":{"line":92,"column":34}},"15":{"start":{"line":93,"column":6},"end":{"line":93,"column":62}},"16":{"start":{"line":94,"column":6},"end":{"line":94,"column":55}},"17":{"start":{"line":95,"column":6},"end":{"line":95,"column":34}},"18":{"start":{"line":96,"column":6},"end":{"line":96,"column":31}},"19":{"start":{"line":97,"column":6},"end":{"line":97,"column":32}},"20":{"start":{"line":98,"column":6},"end":{"line":98,"column":35}},"21":{"start":{"line":99,"column":6},"end":{"line":99,"column":31}},"22":{"start":{"line":100,"column":6},"end":{"line":100,"column":29}},"23":{"start":{"line":101,"column":6},"end":{"line":101,"column":38}},"24":{"start":{"line":102,"column":6},"end":{"line":102,"column":54}},"25":{"start":{"line":103,"column":6},"end":{"line":103,"column":37}},"26":{"start":{"line":105,"column":6},"end":{"line":105,"column":3452}},"27":{"start":{"line":112,"column":6},"end":{"line":112,"column":3577}},"28":{"start":{"line":130,"column":6},"end":{"line":130,"column":3879}},"29":{"start":{"line":134,"column":6},"end":{"line":134,"column":4001}},"30":{"start":{"line":138,"column":4},"end":{"line":138,"column":67}},"31":{"start":{"line":147,"column":4},"end":{"line":147,"column":58}},"32":{"start":{"line":151,"column":4},"end":{"line":151,"column":60}},"33":{"start":{"line":152,"column":4},"end":{"line":152,"column":53}},"34":{"start":{"line":153,"column":4},"end":{"line":153,"column":60}},"35":{"start":{"line":154,"column":4},"end":{"line":154,"column":46}},"36":{"start":{"line":155,"column":4},"end":{"line":155,"column":34}},"37":{"start":{"line":156,"column":4},"end":{"line":156,"column":4729}},"38":{"start":{"line":157,"column":6},"end":{"line":157,"column":4777}},"39":{"start":{"line":158,"column":8},"end":{"line":158,"column":65}},"40":{"start":{"line":160,"column":8},"end":{"line":160,"column":63}},"41":{"start":{"line":162,"column":6},"end":{"line":162,"column":58}},"42":{"start":{"line":165,"column":4},"end":{"line":165,"column":5020}},"43":{"start":{"line":166,"column":6},"end":{"line":166,"column":66}},"44":{"start":{"line":167,"column":6},"end":{"line":167,"column":5112}},"45":{"start":{"line":171,"column":6},"end":{"line":171,"column":64}},"46":{"start":{"line":173,"column":6},"end":{"line":173,"column":5316}},"47":{"start":{"line":177,"column":6},"end":{"line":177,"column":29}},"48":{"start":{"line":180,"column":4},"end":{"line":180,"column":34}},"49":{"start":{"line":181,"column":4},"end":{"line":181,"column":38}},"50":{"start":{"line":182,"column":4},"end":{"line":182,"column":45}},"51":{"start":{"line":183,"column":4},"end":{"line":183,"column":49}},"52":{"start":{"line":187,"column":4},"end":{"line":187,"column":60}},"53":{"start":{"line":188,"column":4},"end":{"line":188,"column":56}},"54":{"start":{"line":189,"column":4},"end":{"line":189,"column":60}},"55":{"start":{"line":190,"column":4},"end":{"line":190,"column":46}},"56":{"start":{"line":191,"column":4},"end":{"line":191,"column":26}},"57":{"start":{"line":192,"column":4},"end":{"line":192,"column":5966}},"58":{"start":{"line":193,"column":6},"end":{"line":193,"column":21}},"59":{"start":{"line":195,"column":6},"end":{"line":195,"column":6067}},"60":{"start":{"line":196,"column":8},"end":{"line":196,"column":23}},"61":{"start":{"line":199,"column":4},"end":{"line":199,"column":54}},"62":{"start":{"line":200,"column":4},"end":{"line":200,"column":6206}},"63":{"start":{"line":201,"column":6},"end":{"line":201,"column":6252}},"64":{"start":{"line":207,"column":6},"end":{"line":207,"column":6395}},"65":{"start":{"line":213,"column":6},"end":{"line":213,"column":58}},"66":{"start":{"line":214,"column":6},"end":{"line":214,"column":69}},"67":{"start":{"line":216,"column":4},"end":{"line":216,"column":24}},"68":{"start":{"line":217,"column":4},"end":{"line":217,"column":53}},"69":{"start":{"line":218,"column":4},"end":{"line":218,"column":32}},"70":{"start":{"line":219,"column":4},"end":{"line":219,"column":6799}},"71":{"start":{"line":229,"column":4},"end":{"line":229,"column":60}},"72":{"start":{"line":230,"column":4},"end":{"line":230,"column":60}},"73":{"start":{"line":231,"column":4},"end":{"line":231,"column":7127}},"74":{"start":{"line":235,"column":4},"end":{"line":235,"column":46}},"75":{"start":{"line":236,"column":4},"end":{"line":236,"column":75}},"76":{"start":{"line":237,"column":4},"end":{"line":237,"column":7365}},"77":{"start":{"line":245,"column":4},"end":{"line":245,"column":88}},"78":{"start":{"line":246,"column":4},"end":{"line":246,"column":72}},"79":{"start":{"line":247,"column":4},"end":{"line":247,"column":56}},"80":{"start":{"line":248,"column":4},"end":{"line":248,"column":53}},"81":{"start":{"line":249,"column":4},"end":{"line":249,"column":32}},"82":{"start":{"line":250,"column":4},"end":{"line":250,"column":7821}},"83":{"start":{"line":260,"column":4},"end":{"line":260,"column":60}},"84":{"start":{"line":261,"column":4},"end":{"line":261,"column":46}},"85":{"start":{"line":263,"column":4},"end":{"line":263,"column":8132}},"86":{"start":{"line":267,"column":4},"end":{"line":267,"column":8244}},"87":{"start":{"line":273,"column":4},"end":{"line":273,"column":8378}},"88":{"start":{"line":274,"column":6},"end":{"line":274,"column":8426}},"89":{"start":{"line":275,"column":8},"end":{"line":275,"column":65}},"90":{"start":{"line":277,"column":8},"end":{"line":277,"column":63}},"91":{"start":{"line":279,"column":6},"end":{"line":279,"column":58}},"92":{"start":{"line":281,"column":4},"end":{"line":281,"column":53}},"93":{"start":{"line":282,"column":4},"end":{"line":282,"column":32}},"94":{"start":{"line":286,"column":4},"end":{"line":286,"column":60}},"95":{"start":{"line":287,"column":4},"end":{"line":287,"column":46}},"96":{"start":{"line":288,"column":4},"end":{"line":288,"column":75}},"97":{"start":{"line":289,"column":4},"end":{"line":289,"column":64}},"98":{"start":{"line":290,"column":4},"end":{"line":290,"column":89}},"99":{"start":{"line":291,"column":4},"end":{"line":291,"column":9168}},"100":{"start":{"line":292,"column":8},"end":{"line":292,"column":65}},"101":{"start":{"line":294,"column":8},"end":{"line":294,"column":63}},"102":{"start":{"line":296,"column":4},"end":{"line":296,"column":34}},"103":{"start":{"line":297,"column":4},"end":{"line":297,"column":48}},"104":{"start":{"line":298,"column":4},"end":{"line":298,"column":43}},"105":{"start":{"line":302,"column":4},"end":{"line":302,"column":46}},"106":{"start":{"line":303,"column":4},"end":{"line":303,"column":47}},"107":{"start":{"line":307,"column":4},"end":{"line":307,"column":46}},"108":{"start":{"line":308,"column":4},"end":{"line":308,"column":9781}},"109":{"start":{"line":309,"column":6},"end":{"line":309,"column":18}},"110":{"start":{"line":311,"column":4},"end":{"line":311,"column":44}},"111":{"start":{"line":315,"column":4},"end":{"line":315,"column":42}},"112":{"start":{"line":319,"column":4},"end":{"line":319,"column":46}},"113":{"start":{"line":320,"column":4},"end":{"line":320,"column":30}},"114":{"start":{"line":329,"column":4},"end":{"line":329,"column":59}},"115":{"start":{"line":330,"column":4},"end":{"line":330,"column":61}},"116":{"start":{"line":331,"column":4},"end":{"line":331,"column":55}},"117":{"start":{"line":332,"column":4},"end":{"line":332,"column":10465}},"118":{"start":{"line":333,"column":6},"end":{"line":333,"column":33}},"119":{"start":{"line":334,"column":6},"end":{"line":334,"column":41}},"120":{"start":{"line":336,"column":6},"end":{"line":336,"column":35}},"121":{"start":{"line":337,"column":6},"end":{"line":337,"column":43}},"122":{"start":{"line":345,"column":4},"end":{"line":345,"column":52}},"123":{"start":{"line":346,"column":4},"end":{"line":346,"column":69}},"124":{"start":{"line":347,"column":4},"end":{"line":347,"column":43}},"125":{"start":{"line":348,"column":4},"end":{"line":348,"column":10961}},"126":{"start":{"line":349,"column":6},"end":{"line":349,"column":39}},"127":{"start":{"line":351,"column":6},"end":{"line":351,"column":41}},"128":{"start":{"line":353,"column":4},"end":{"line":353,"column":17}},"129":{"start":{"line":365,"column":4},"end":{"line":365,"column":11237}},"130":{"start":{"line":368,"column":4},"end":{"line":368,"column":11331}},"131":{"start":{"line":369,"column":6},"end":{"line":369,"column":50}},"132":{"start":{"line":371,"column":4},"end":{"line":371,"column":17}},"133":{"start":{"line":375,"column":4},"end":{"line":375,"column":47}},"134":{"start":{"line":384,"column":4},"end":{"line":384,"column":48}},"135":{"start":{"line":392,"column":4},"end":{"line":392,"column":79}},"136":{"start":{"line":393,"column":4},"end":{"line":393,"column":11975}},"137":{"start":{"line":394,"column":6},"end":{"line":394,"column":48}},"138":{"start":{"line":396,"column":4},"end":{"line":396,"column":17}},"139":{"start":{"line":400,"column":4},"end":{"line":400,"column":45}},"140":{"start":{"line":408,"column":4},"end":{"line":408,"column":46}},"141":{"start":{"line":412,"column":4},"end":{"line":412,"column":68}},"142":{"start":{"line":413,"column":4},"end":{"line":413,"column":12561}},"143":{"start":{"line":414,"column":6},"end":{"line":414,"column":37}},"144":{"start":{"line":416,"column":4},"end":{"line":416,"column":17}},"145":{"start":{"line":420,"column":4},"end":{"line":420,"column":68}},"146":{"start":{"line":421,"column":4},"end":{"line":421,"column":12830}},"147":{"start":{"line":422,"column":6},"end":{"line":422,"column":38}},"148":{"start":{"line":423,"column":6},"end":{"line":423,"column":29}},"149":{"start":{"line":425,"column":4},"end":{"line":425,"column":17}},"150":{"start":{"line":429,"column":4},"end":{"line":429,"column":34}},"151":{"start":{"line":433,"column":4},"end":{"line":433,"column":35}}},"branchMap":{"1":{"line":59,"type":"if","locations":[{"start":{"line":59,"column":4},"end":{"line":59,"column":4}},{"start":{"line":59,"column":4},"end":{"line":59,"column":4}}]},"2":{"line":66,"type":"if","locations":[{"start":{"line":66,"column":4},"end":{"line":66,"column":4}},{"start":{"line":66,"column":4},"end":{"line":66,"column":4}}]},"3":{"line":67,"type":"if","locations":[{"start":{"line":67,"column":4},"end":{"line":67,"column":4}},{"start":{"line":67,"column":4},"end":{"line":67,"column":4}}]},"4":{"line":76,"type":"if","locations":[{"start":{"line":76,"column":4},"end":{"line":76,"column":4}},{"start":{"line":76,"column":4},"end":{"line":76,"column":4}}]},"5":{"line":130,"type":"if","locations":[{"start":{"line":130,"column":6},"end":{"line":130,"column":6}},{"start":{"line":130,"column":6},"end":{"line":130,"column":6}}]},"6":{"line":134,"type":"if","locations":[{"start":{"line":134,"column":6},"end":{"line":134,"column":6}},{"start":{"line":134,"column":6},"end":{"line":134,"column":6}}]},"7":{"line":151,"type":"if","locations":[{"start":{"line":151,"column":4},"end":{"line":151,"column":4}},{"start":{"line":151,"column":4},"end":{"line":151,"column":4}}]},"8":{"line":152,"type":"if","locations":[{"start":{"line":152,"column":4},"end":{"line":152,"column":4}},{"start":{"line":152,"column":4},"end":{"line":152,"column":4}}]},"9":{"line":153,"type":"if","locations":[{"start":{"line":153,"column":4},"end":{"line":153,"column":4}},{"start":{"line":153,"column":4},"end":{"line":153,"column":4}}]},"10":{"line":156,"type":"if","locations":[{"start":{"line":156,"column":4},"end":{"line":156,"column":4}},{"start":{"line":156,"column":4},"end":{"line":156,"column":4}}]},"11":{"line":157,"type":"if","locations":[{"start":{"line":157,"column":6},"end":{"line":157,"column":6}},{"start":{"line":157,"column":6},"end":{"line":157,"column":6}}]},"12":{"line":165,"type":"if","locations":[{"start":{"line":165,"column":4},"end":{"line":165,"column":4}},{"start":{"line":165,"column":4},"end":{"line":165,"column":4}}]},"13":{"line":166,"type":"if","locations":[{"start":{"line":166,"column":6},"end":{"line":166,"column":6}},{"start":{"line":166,"column":6},"end":{"line":166,"column":6}}]},"14":{"line":167,"type":"if","locations":[{"start":{"line":167,"column":6},"end":{"line":167,"column":6}},{"start":{"line":167,"column":6},"end":{"line":167,"column":6}}]},"15":{"line":173,"type":"if","locations":[{"start":{"line":173,"column":6},"end":{"line":173,"column":6}},{"start":{"line":173,"column":6},"end":{"line":173,"column":6}}]},"16":{"line":187,"type":"if","locations":[{"start":{"line":187,"column":4},"end":{"line":187,"column":4}},{"start":{"line":187,"column":4},"end":{"line":187,"column":4}}]},"17":{"line":188,"type":"if","locations":[{"start":{"line":188,"column":4},"end":{"line":188,"column":4}},{"start":{"line":188,"column":4},"end":{"line":188,"column":4}}]},"18":{"line":189,"type":"if","locations":[{"start":{"line":189,"column":4},"end":{"line":189,"column":4}},{"start":{"line":189,"column":4},"end":{"line":189,"column":4}}]},"19":{"line":192,"type":"if","locations":[{"start":{"line":192,"column":4},"end":{"line":192,"column":4}},{"start":{"line":192,"column":4},"end":{"line":192,"column":4}}]},"20":{"line":195,"type":"if","locations":[{"start":{"line":195,"column":6},"end":{"line":195,"column":6}},{"start":{"line":195,"column":6},"end":{"line":195,"column":6}}]},"21":{"line":199,"type":"if","locations":[{"start":{"line":199,"column":4},"end":{"line":199,"column":4}},{"start":{"line":199,"column":4},"end":{"line":199,"column":4}}]},"22":{"line":200,"type":"if","locations":[{"start":{"line":200,"column":4},"end":{"line":200,"column":4}},{"start":{"line":200,"column":4},"end":{"line":200,"column":4}}]},"23":{"line":229,"type":"if","locations":[{"start":{"line":229,"column":4},"end":{"line":229,"column":4}},{"start":{"line":229,"column":4},"end":{"line":229,"column":4}}]},"24":{"line":230,"type":"if","locations":[{"start":{"line":230,"column":4},"end":{"line":230,"column":4}},{"start":{"line":230,"column":4},"end":{"line":230,"column":4}}]},"25":{"line":231,"type":"if","locations":[{"start":{"line":231,"column":4},"end":{"line":231,"column":4}},{"start":{"line":231,"column":4},"end":{"line":231,"column":4}}]},"26":{"line":236,"type":"if","locations":[{"start":{"line":236,"column":4},"end":{"line":236,"column":4}},{"start":{"line":236,"column":4},"end":{"line":236,"column":4}}]},"27":{"line":260,"type":"if","locations":[{"start":{"line":260,"column":4},"end":{"line":260,"column":4}},{"start":{"line":260,"column":4},"end":{"line":260,"column":4}}]},"28":{"line":263,"type":"if","locations":[{"start":{"line":263,"column":4},"end":{"line":263,"column":4}},{"start":{"line":263,"column":4},"end":{"line":263,"column":4}}]},"29":{"line":273,"type":"if","locations":[{"start":{"line":273,"column":4},"end":{"line":273,"column":4}},{"start":{"line":273,"column":4},"end":{"line":273,"column":4}}]},"30":{"line":274,"type":"if","locations":[{"start":{"line":274,"column":6},"end":{"line":274,"column":6}},{"start":{"line":274,"column":6},"end":{"line":274,"column":6}}]},"31":{"line":286,"type":"if","locations":[{"start":{"line":286,"column":4},"end":{"line":286,"column":4}},{"start":{"line":286,"column":4},"end":{"line":286,"column":4}}]},"32":{"line":288,"type":"if","locations":[{"start":{"line":288,"column":4},"end":{"line":288,"column":4}},{"start":{"line":288,"column":4},"end":{"line":288,"column":4}}]},"33":{"line":289,"type":"if","locations":[{"start":{"line":289,"column":4},"end":{"line":289,"column":4}},{"start":{"line":289,"column":4},"end":{"line":289,"column":4}}]},"34":{"line":290,"type":"if","locations":[{"start":{"line":290,"column":4},"end":{"line":290,"column":4}},{"start":{"line":290,"column":4},"end":{"line":290,"column":4}}]},"35":{"line":291,"type":"if","locations":[{"start":{"line":291,"column":4},"end":{"line":291,"column":4}},{"start":{"line":291,"column":4},"end":{"line":291,"column":4}}]},"36":{"line":308,"type":"if","locations":[{"start":{"line":308,"column":4},"end":{"line":308,"column":4}},{"start":{"line":308,"column":4},"end":{"line":308,"column":4}}]},"37":{"line":329,"type":"if","locations":[{"start":{"line":329,"column":4},"end":{"line":329,"column":4}},{"start":{"line":329,"column":4},"end":{"line":329,"column":4}}]},"38":{"line":332,"type":"if","locations":[{"start":{"line":332,"column":4},"end":{"line":332,"column":4}},{"start":{"line":332,"column":4},"end":{"line":332,"column":4}}]},"39":{"line":348,"type":"if","locations":[{"start":{"line":348,"column":4},"end":{"line":348,"column":4}},{"start":{"line":348,"column":4},"end":{"line":348,"column":4}}]}}},"contracts/clone.sol":{"l":{"26":0,"27":0,"30":0,"41":0,"42":0,"44":0,"52":0,"53":0,"54":0,"55":0,"60":0,"65":0,"66":0,"67":0,"69":0,"73":0,"77":0,"81":0,"82":0,"83":0,"84":0,"86":0},"path":"/home/nixkoo/wolfy/SmartContract/hardhat/contracts/clone.sol","s":{"1":0,"2":0,"3":0,"4":0,"5":0,"6":0,"7":0,"8":0,"9":0,"10":0,"11":0,"12":0,"13":0,"14":0,"15":0,"16":0,"17":0,"18":0,"19":0,"20":0,"21":0},"b":{},"f":{"1":0,"2":0,"3":0,"4":0,"5":0,"6":0,"7":0,"8":0},"fnMap":{"1":{"name":"constructor","line":25,"loc":{"start":{"line":25,"column":0},"end":{"line":28,"column":4}}},"2":{"name":"cloneLength","line":29,"loc":{"start":{"line":29,"column":0},"end":{"line":31,"column":0}}},"3":{"name":"clone","line":33,"loc":{"start":{"line":33,"column":0},"end":{"line":57,"column":0}}},"4":{"name":"getOwnerToken","line":59,"loc":{"start":{"line":59,"column":0},"end":{"line":61,"column":0}}},"5":{"name":"getAddressForAddress","line":64,"loc":{"start":{"line":64,"column":0},"end":{"line":70,"column":0}}},"6":{"name":"getTokenMintForAddress","line":72,"loc":{"start":{"line":72,"column":0},"end":{"line":74,"column":0}}},"7":{"name":"getAllTokenAddress","line":76,"loc":{"start":{"line":76,"column":0},"end":{"line":78,"column":0}}},"8":{"name":"getAllTokenAddressForUser","line":80,"loc":{"start":{"line":80,"column":0},"end":{"line":87,"column":0}}}},"statementMap":{"1":{"start":{"line":26,"column":4},"end":{"line":26,"column":40}},"2":{"start":{"line":27,"column":4},"end":{"line":27,"column":30}},"3":{"start":{"line":30,"column":4},"end":{"line":30,"column":25}},"4":{"start":{"line":42,"column":4},"end":{"line":42,"column":39}},"5":{"start":{"line":44,"column":4},"end":{"line":44,"column":1151}},"6":{"start":{"line":52,"column":4},"end":{"line":52,"column":29}},"7":{"start":{"line":53,"column":4},"end":{"line":53,"column":27}},"8":{"start":{"line":54,"column":4},"end":{"line":54,"column":23}},"9":{"start":{"line":55,"column":4},"end":{"line":55,"column":17}},"10":{"start":{"line":60,"column":4},"end":{"line":60,"column":39}},"11":{"start":{"line":65,"column":4},"end":{"line":65,"column":64}},"12":{"start":{"line":66,"column":4},"end":{"line":66,"column":1652}},"13":{"start":{"line":67,"column":8},"end":{"line":67,"column":40}},"14":{"start":{"line":69,"column":4},"end":{"line":69,"column":15}},"15":{"start":{"line":73,"column":4},"end":{"line":73,"column":37}},"16":{"start":{"line":77,"column":4},"end":{"line":77,"column":18}},"17":{"start":{"line":81,"column":4},"end":{"line":81,"column":69}},"18":{"start":{"line":82,"column":4},"end":{"line":82,"column":2128}},"19":{"start":{"line":83,"column":8},"end":{"line":83,"column":43}},"20":{"start":{"line":84,"column":8},"end":{"line":84,"column":35}},"21":{"start":{"line":86,"column":4},"end":{"line":86,"column":15}}},"branchMap":{}},"contracts/ERC20.sol":{"l":{"8":108},"path":"/home/nixkoo/wolfy/SmartContract/hardhat/contracts/ERC20.sol","s":{"1":108},"b":{},"f":{"1":108},"fnMap":{"1":{"name":"constructor","line":7,"loc":{"start":{"line":7,"column":4},"end":{"line":9,"column":4}}}},"statementMap":{"1":{"start":{"line":8,"column":8},"end":{"line":8,"column":50}}},"branchMap":{}},"contracts/ERC721.sol":{"l":{"13":108,"22":25,"25":0,"29":0,"33":36,"34":36,"38":36,"39":36,"40":36,"41":36,"42":36,"43":36,"47":25,"51":61,"52":61,"53":61,"57":36,"58":36,"63":0,"67":0,"70":0,"71":0,"75":0,"78":0,"82":0},"path":"/home/nixkoo/wolfy/SmartContract/hardhat/contracts/ERC721.sol","s":{"1":108,"2":25,"3":0,"4":0,"5":36,"6":36,"7":36,"8":36,"9":36,"10":36,"11":36,"12":25,"13":61,"14":61,"15":61,"16":36,"17":36,"18":0,"19":0,"20":0,"21":0,"22":0,"23":0,"24":0},"b":{"1":[36,0],"2":[0,0]},"f":{"1":108,"2":25,"3":0,"4":0,"5":36,"6":36,"7":25,"8":61,"9":36,"10":0,"11":0,"12":0,"13":0,"14":0,"15":0},"fnMap":{"1":{"name":"constructor","line":12,"loc":{"start":{"line":12,"column":4},"end":{"line":14,"column":4}}},"2":{"name":"owner","line":21,"loc":{"start":{"line":21,"column":4},"end":{"line":23,"column":4}}},"3":{"name":"name","line":24,"loc":{"start":{"line":24,"column":4},"end":{"line":26,"column":4}}},"4":{"name":"symbol","line":28,"loc":{"start":{"line":28,"column":4},"end":{"line":30,"column":4}}},"5":{"name":"initializer","line":32,"loc":{"start":{"line":32,"column":4},"end":{"line":35,"column":8}}},"6":{"name":"initialize","line":37,"loc":{"start":{"line":37,"column":4},"end":{"line":44,"column":4}}},"7":{"name":"safeMint","line":46,"loc":{"start":{"line":46,"column":4},"end":{"line":48,"column":4}}},"8":{"name":"safeMint_","line":50,"loc":{"start":{"line":50,"column":4},"end":{"line":54,"column":4}}},"9":{"name":"safeMint","line":56,"loc":{"start":{"line":56,"column":4},"end":{"line":60,"column":4}}},"10":{"name":"_baseURI","line":62,"loc":{"start":{"line":62,"column":4},"end":{"line":64,"column":4}}},"11":{"name":"setBaseURI","line":66,"loc":{"start":{"line":66,"column":4},"end":{"line":68,"column":4}}},"12":{"name":"tokenURI","line":69,"loc":{"start":{"line":69,"column":4},"end":{"line":72,"column":4}}},"13":{"name":"baseURI","line":74,"loc":{"start":{"line":74,"column":4},"end":{"line":76,"column":4}}},"14":{"name":"setTokenURI","line":77,"loc":{"start":{"line":77,"column":5},"end":{"line":79,"column":4}}},"15":{"name":"exists","line":81,"loc":{"start":{"line":81,"column":4},"end":{"line":83,"column":4}}}},"statementMap":{"1":{"start":{"line":13,"column":8},"end":{"line":13,"column":25}},"2":{"start":{"line":22,"column":8},"end":{"line":22,"column":21}},"3":{"start":{"line":25,"column":8},"end":{"line":25,"column":20}},"4":{"start":{"line":29,"column":8},"end":{"line":29,"column":22}},"5":{"start":{"line":33,"column":8},"end":{"line":33,"column":79}},"6":{"start":{"line":38,"column":8},"end":{"line":38,"column":26}},"7":{"start":{"line":39,"column":8},"end":{"line":39,"column":20}},"8":{"start":{"line":40,"column":8},"end":{"line":40,"column":24}},"9":{"start":{"line":41,"column":8},"end":{"line":41,"column":20}},"10":{"start":{"line":42,"column":8},"end":{"line":42,"column":51}},"11":{"start":{"line":43,"column":8},"end":{"line":43,"column":30}},"12":{"start":{"line":47,"column":8},"end":{"line":47,"column":20}},"13":{"start":{"line":51,"column":8},"end":{"line":51,"column":51}},"14":{"start":{"line":52,"column":8},"end":{"line":52,"column":34}},"15":{"start":{"line":53,"column":8},"end":{"line":53,"column":29}},"16":{"start":{"line":57,"column":8},"end":{"line":57,"column":1817}},"17":{"start":{"line":58,"column":12},"end":{"line":58,"column":24}},"18":{"start":{"line":63,"column":8},"end":{"line":63,"column":28}},"19":{"start":{"line":67,"column":8},"end":{"line":67,"column":38}},"20":{"start":{"line":70,"column":8},"end":{"line":70,"column":83}},"21":{"start":{"line":71,"column":8},"end":{"line":71,"column":25}},"22":{"start":{"line":75,"column":8},"end":{"line":75,"column":25}},"23":{"start":{"line":78,"column":8},"end":{"line":78,"column":39}},"24":{"start":{"line":82,"column":8},"end":{"line":82,"column":31}}},"branchMap":{"1":{"line":33,"type":"if","locations":[{"start":{"line":33,"column":8},"end":{"line":33,"column":8}},{"start":{"line":33,"column":8},"end":{"line":33,"column":8}}]},"2":{"line":70,"type":"if","locations":[{"start":{"line":70,"column":8},"end":{"line":70,"column":8}},{"start":{"line":70,"column":8},"end":{"line":70,"column":8}}]}}},"contracts/ERC721UUPS.sol":{"l":{"36":0,"37":0,"38":0,"39":0,"40":0,"41":0,"42":0,"43":0,"47":0,"48":0,"50":0,"57":0,"58":0,"63":0,"64":0,"69":0,"70":0,"71":0,"72":0,"87":0,"95":0,"104":0,"111":0,"114":0,"118":0,"119":0,"120":0,"121":0,"123":0},"path":"/home/nixkoo/wolfy/SmartContract/hardhat/contracts/ERC721UUPS.sol","s":{"1":0,"2":0,"3":0,"4":0,"5":0,"6":0,"7":0,"8":0,"9":0,"10":0,"11":0,"12":0,"13":0,"14":0,"15":0,"16":0,"17":0,"18":0,"19":0,"20":0,"21":0,"22":0,"23":0,"24":0,"25":0,"26":0,"27":0,"28":0,"29":0},"b":{"1":[0,0]},"f":{"1":0,"2":0,"3":0,"4":0,"5":0,"6":0,"7":0,"8":0,"9":0,"10":0,"11":0,"12":0,"13":0},"fnMap":{"1":{"name":"constructor","line":26,"loc":{"start":{"line":26,"column":2},"end":{"line":26,"column":29}}},"2":{"name":"initialize","line":35,"loc":{"start":{"line":28,"column":2},"end":{"line":44,"column":2}}},"3":{"name":"setFee","line":46,"loc":{"start":{"line":46,"column":2},"end":{"line":51,"column":2}}},"4":{"name":"safeMint","line":52,"loc":{"start":{"line":52,"column":2},"end":{"line":60,"column":2}}},"5":{"name":"safeMintBatch","line":62,"loc":{"start":{"line":62,"column":2},"end":{"line":66,"column":2}}},"6":{"name":"safeMint","line":68,"loc":{"start":{"line":68,"column":2},"end":{"line":73,"column":2}}},"7":{"name":"_authorizeUpgrade","line":78,"loc":{"start":{"line":75,"column":2},"end":{"line":79,"column":3}}},"8":{"name":"supportsInterface","line":81,"loc":{"start":{"line":81,"column":0},"end":{"line":88,"column":4}}},"9":{"name":"_burn","line":91,"loc":{"start":{"line":91,"column":2},"end":{"line":96,"column":2}}},"10":{"name":"tokenURI","line":98,"loc":{"start":{"line":98,"column":2},"end":{"line":105,"column":2}}},"11":{"name":"_beforeTokenTransfer","line":107,"loc":{"start":{"line":107,"column":3},"end":{"line":112,"column":4}}},"12":{"name":"totalSupply","line":113,"loc":{"start":{"line":113,"column":2},"end":{"line":115,"column":2}}},"13":{"name":"tokensByOwner","line":117,"loc":{"start":{"line":117,"column":2},"end":{"line":124,"column":4}}}},"statementMap":{"1":{"start":{"line":36,"column":4},"end":{"line":36,"column":32}},"2":{"start":{"line":37,"column":4},"end":{"line":37,"column":28}},"3":{"start":{"line":38,"column":4},"end":{"line":38,"column":28}},"4":{"start":{"line":39,"column":4},"end":{"line":39,"column":19}},"5":{"start":{"line":40,"column":4},"end":{"line":40,"column":27}},"6":{"start":{"line":41,"column":4},"end":{"line":41,"column":32}},"7":{"start":{"line":42,"column":4},"end":{"line":42,"column":15}},"8":{"start":{"line":43,"column":4},"end":{"line":43,"column":28}},"9":{"start":{"line":47,"column":4},"end":{"line":47,"column":1535}},"10":{"start":{"line":48,"column":4},"end":{"line":48,"column":11}},"11":{"start":{"line":50,"column":4},"end":{"line":50,"column":11}},"12":{"start":{"line":57,"column":4},"end":{"line":57,"column":1688}},"13":{"start":{"line":58,"column":6},"end":{"line":58,"column":22}},"14":{"start":{"line":63,"column":4},"end":{"line":63,"column":1844}},"15":{"start":{"line":64,"column":6},"end":{"line":64,"column":25}},"16":{"start":{"line":69,"column":4},"end":{"line":69,"column":30}},"17":{"start":{"line":70,"column":4},"end":{"line":70,"column":47}},"18":{"start":{"line":71,"column":4},"end":{"line":71,"column":25}},"19":{"start":{"line":72,"column":4},"end":{"line":72,"column":29}},"20":{"start":{"line":87,"column":8},"end":{"line":87,"column":51}},"21":{"start":{"line":95,"column":4},"end":{"line":95,"column":23}},"22":{"start":{"line":104,"column":4},"end":{"line":104,"column":34}},"23":{"start":{"line":111,"column":8},"end":{"line":111,"column":52}},"24":{"start":{"line":114,"column":4},"end":{"line":114,"column":36}},"25":{"start":{"line":118,"column":8},"end":{"line":118,"column":41}},"26":{"start":{"line":119,"column":8},"end":{"line":119,"column":55}},"27":{"start":{"line":120,"column":8},"end":{"line":120,"column":3403}},"28":{"start":{"line":121,"column":12},"end":{"line":121,"column":52}},"29":{"start":{"line":123,"column":8},"end":{"line":123,"column":21}}},"branchMap":{"1":{"line":47,"type":"if","locations":[{"start":{"line":47,"column":4},"end":{"line":47,"column":4}},{"start":{"line":47,"column":4},"end":{"line":47,"column":4}}]}}},"contracts/Greeter.sol":{"l":{"10":0,"14":0,"19":0},"path":"/home/nixkoo/wolfy/SmartContract/hardhat/contracts/Greeter.sol","s":{"1":0,"2":0,"3":0},"b":{},"f":{"1":0,"2":0,"3":0},"fnMap":{"1":{"name":"constructor","line":9,"loc":{"start":{"line":9,"column":4},"end":{"line":11,"column":4}}},"2":{"name":"greet","line":13,"loc":{"start":{"line":13,"column":4},"end":{"line":15,"column":4}}},"3":{"name":"setGreeting","line":17,"loc":{"start":{"line":17,"column":4},"end":{"line":20,"column":4}}}},"statementMap":{"1":{"start":{"line":10,"column":5},"end":{"line":10,"column":24}},"2":{"start":{"line":14,"column":8},"end":{"line":14,"column":23}},"3":{"start":{"line":19,"column":8},"end":{"line":19,"column":27}}},"branchMap":{}},"contracts/IERC721UUPS.sol":{"l":{},"path":"/home/nixkoo/wolfy/SmartContract/hardhat/contracts/IERC721UUPS.sol","s":{},"b":{},"f":{},"fnMap":{},"statementMap":{},"branchMap":{}},"contracts/IMarket.sol":{"l":{},"path":"/home/nixkoo/wolfy/SmartContract/hardhat/contracts/IMarket.sol","s":{},"b":{},"f":{},"fnMap":{},"statementMap":{},"branchMap":{}},"contracts/IMarketNFT.sol":{"l":{},"path":"/home/nixkoo/wolfy/SmartContract/hardhat/contracts/IMarketNFT.sol","s":{},"b":{},"f":{},"fnMap":{},"statementMap":{},"branchMap":{}},"contracts/MArket.sol":{"l":{"38":108,"39":108,"40":108,"41":108,"45":1,"48":1,"55":6,"64":6,"65":6,"66":5,"67":4,"68":4,"69":4,"70":4,"71":3,"72":3,"73":3,"74":0,"75":0,"76":0,"78":3,"79":3,"80":3,"81":0,"82":0,"83":0,"84":0,"85":0,"87":0,"88":0,"90":0,"91":0,"93":0,"94":0,"96":0,"99":0,"100":0,"101":0,"103":0,"104":0,"105":0,"106":0,"107":0,"108":0,"110":0,"112":0,"113":0,"119":2,"123":1,"125":1,"126":1,"127":1,"129":1,"130":1,"131":1,"132":1,"144":8,"161":8,"162":8,"163":8,"164":8,"165":1,"167":7,"188":7,"202":7,"203":7,"204":7,"206":7,"220":7,"221":7,"222":7,"223":7,"224":7,"225":7,"226":7,"227":7,"228":7,"229":7,"230":7,"234":0,"238":0,"240":0,"241":0,"242":0,"244":0,"252":0,"255":0,"256":0,"257":0,"259":0,"262":0,"263":0,"264":0,"265":0,"269":0,"270":0,"271":0},"path":"/home/nixkoo/wolfy/SmartContract/hardhat/contracts/MArket.sol","s":{"1":108,"2":108,"3":108,"4":108,"5":1,"6":1,"7":6,"8":6,"9":6,"10":5,"11":4,"12":4,"13":4,"14":4,"15":3,"16":3,"17":3,"18":0,"19":0,"20":0,"21":3,"22":3,"23":3,"24":0,"25":0,"26":0,"27":0,"28":0,"29":0,"30":0,"31":0,"32":0,"33":0,"34":0,"35":0,"36":0,"37":0,"38":0,"39":0,"40":0,"41":0,"42":0,"43":0,"44":0,"45":0,"46":0,"47":2,"48":1,"49":1,"50":1,"51":1,"52":1,"53":1,"54":1,"55":8,"56":8,"57":8,"58":8,"59":1,"60":7,"61":7,"62":7,"63":7,"64":7,"65":7,"66":7,"67":7,"68":7,"69":7,"70":7,"71":7,"72":7,"73":7,"74":7,"75":7,"76":7,"77":0,"78":0,"79":0,"80":0,"81":0,"82":0,"83":0,"84":0,"85":0,"86":0,"87":0,"88":0,"89":0,"90":0,"91":0,"92":0,"93":0,"94":0},"b":{"1":[6,0],"2":[5,1],"3":[4,1],"4":[3,1],"5":[0,3],"6":[0,0],"7":[0,0],"8":[0,0],"9":[0,0],"10":[0,0],"11":[0,0],"12":[1,1],"13":[1,7],"14":[0,1],"15":[7,0],"16":[7,0],"17":[0,0]},"f":{"1":108,"2":1,"3":1,"4":6,"5":6,"6":2,"7":8,"8":8,"9":7,"10":0,"11":0,"12":0,"13":0,"14":0},"fnMap":{"1":{"name":"constructor","line":37,"loc":{"start":{"line":37,"column":4},"end":{"line":42,"column":4}}},"2":{"name":"setMakerFee","line":44,"loc":{"start":{"line":44,"column":4},"end":{"line":46,"column":4}}},"3":{"name":"setTakerFee","line":47,"loc":{"start":{"line":47,"column":4},"end":{"line":49,"column":4}}},"4":{"name":"buyToken","line":51,"loc":{"start":{"line":51,"column":1},"end":{"line":56,"column":4}}},"5":{"name":"buyTokenTo","line":58,"loc":{"start":{"line":58,"column":4},"end":{"line":116,"column":4}}},"6":{"name":"cancelSellToken","line":118,"loc":{"start":{"line":118,"column":0},"end":{"line":134,"column":4}}},"7":{"name":"readyToSellToken","line":137,"loc":{"start":{"line":137,"column":0},"end":{"line":151,"column":4}}},"8":{"name":"readyToSellTokenTo","line":153,"loc":{"start":{"line":153,"column":4},"end":{"line":207,"column":4}}},"9":{"name":"createOrderHandle","line":209,"loc":{"start":{"line":209,"column":4},"end":{"line":231,"column":4}}},"10":{"name":"getAskLength","line":233,"loc":{"start":{"line":233,"column":5},"end":{"line":235,"column":4}}},"11":{"name":"getAsks","line":237,"loc":{"start":{"line":237,"column":0},"end":{"line":245,"column":4}}},"12":{"name":"getAsksByUser","line":247,"loc":{"start":{"line":247,"column":0},"end":{"line":260,"column":4}}},"13":{"name":"getOrder","line":261,"loc":{"start":{"line":261,"column":0},"end":{"line":266,"column":4}}},"14":{"name":"getOrderByIndex","line":268,"loc":{"start":{"line":268,"column":4},"end":{"line":272,"column":4}}}},"statementMap":{"1":{"start":{"line":38,"column":8},"end":{"line":38,"column":29}},"2":{"start":{"line":39,"column":8},"end":{"line":39,"column":36}},"3":{"start":{"line":40,"column":8},"end":{"line":40,"column":19}},"4":{"start":{"line":41,"column":8},"end":{"line":41,"column":19}},"5":{"start":{"line":45,"column":8},"end":{"line":45,"column":26}},"6":{"start":{"line":48,"column":8},"end":{"line":48,"column":26}},"7":{"start":{"line":55,"column":8},"end":{"line":55,"column":50}},"8":{"start":{"line":64,"column":8},"end":{"line":64,"column":74}},"9":{"start":{"line":65,"column":8},"end":{"line":65,"column":67}},"10":{"start":{"line":66,"column":8},"end":{"line":66,"column":54}},"11":{"start":{"line":67,"column":8},"end":{"line":67,"column":50}},"12":{"start":{"line":68,"column":8},"end":{"line":68,"column":61}},"13":{"start":{"line":69,"column":8},"end":{"line":69,"column":45}},"14":{"start":{"line":70,"column":8},"end":{"line":70,"column":64}},"15":{"start":{"line":71,"column":8},"end":{"line":71,"column":40}},"16":{"start":{"line":72,"column":8},"end":{"line":72,"column":27}},"17":{"start":{"line":73,"column":8},"end":{"line":73,"column":2655}},"18":{"start":{"line":74,"column":12},"end":{"line":74,"column":32}},"19":{"start":{"line":75,"column":12},"end":{"line":75,"column":47}},"20":{"start":{"line":76,"column":12},"end":{"line":76,"column":26}},"21":{"start":{"line":78,"column":8},"end":{"line":78,"column":35}},"22":{"start":{"line":79,"column":8},"end":{"line":79,"column":69}},"23":{"start":{"line":80,"column":8},"end":{"line":80,"column":71}},"24":{"start":{"line":81,"column":8},"end":{"line":81,"column":47}},"25":{"start":{"line":82,"column":8},"end":{"line":82,"column":3036}},"26":{"start":{"line":83,"column":12},"end":{"line":83,"column":60}},"27":{"start":{"line":84,"column":12},"end":{"line":84,"column":3131}},"28":{"start":{"line":85,"column":16},"end":{"line":85,"column":42}},"29":{"start":{"line":87,"column":12},"end":{"line":87,"column":47}},"30":{"start":{"line":88,"column":12},"end":{"line":88,"column":73}},"31":{"start":{"line":90,"column":13},"end":{"line":90,"column":3416}},"32":{"start":{"line":91,"column":17},"end":{"line":91,"column":59}},"33":{"start":{"line":93,"column":13},"end":{"line":93,"column":55}},"34":{"start":{"line":94,"column":13},"end":{"line":94,"column":81}},"35":{"start":{"line":96,"column":8},"end":{"line":96,"column":60}},"36":{"start":{"line":99,"column":8},"end":{"line":99,"column":44}},"37":{"start":{"line":100,"column":8},"end":{"line":100,"column":3807}},"38":{"start":{"line":101,"column":12},"end":{"line":101,"column":99}},"39":{"start":{"line":103,"column":8},"end":{"line":103,"column":58}},"40":{"start":{"line":104,"column":8},"end":{"line":104,"column":4066}},"41":{"start":{"line":105,"column":12},"end":{"line":105,"column":34}},"42":{"start":{"line":106,"column":12},"end":{"line":106,"column":40}},"43":{"start":{"line":107,"column":12},"end":{"line":107,"column":55}},"44":{"start":{"line":110,"column":12},"end":{"line":110,"column":40}},"45":{"start":{"line":112,"column":8},"end":{"line":112,"column":31}},"46":{"start":{"line":113,"column":8},"end":{"line":113,"column":84}},"47":{"start":{"line":119,"column":8},"end":{"line":119,"column":4573}},"48":{"start":{"line":123,"column":8},"end":{"line":123,"column":52}},"49":{"start":{"line":125,"column":9},"end":{"line":125,"column":56}},"50":{"start":{"line":126,"column":8},"end":{"line":126,"column":4839}},"51":{"start":{"line":127,"column":12},"end":{"line":127,"column":93}},"52":{"start":{"line":129,"column":8},"end":{"line":129,"column":30}},"53":{"start":{"line":130,"column":8},"end":{"line":130,"column":53}},"54":{"start":{"line":131,"column":8},"end":{"line":131,"column":62}},"55":{"start":{"line":144,"column":8},"end":{"line":144,"column":5449}},"56":{"start":{"line":161,"column":8},"end":{"line":161,"column":41}},"57":{"start":{"line":163,"column":8},"end":{"line":163,"column":49}},"58":{"start":{"line":164,"column":8},"end":{"line":164,"column":5906}},"59":{"start":{"line":165,"column":12},"end":{"line":165,"column":67}},"60":{"start":{"line":167,"column":12},"end":{"line":167,"column":66}},"61":{"start":{"line":188,"column":8},"end":{"line":188,"column":6751}},"62":{"start":{"line":202,"column":8},"end":{"line":202,"column":6996}},"63":{"start":{"line":203,"column":12},"end":{"line":203,"column":95}},"64":{"start":{"line":204,"column":12},"end":{"line":204,"column":80}},"65":{"start":{"line":206,"column":8},"end":{"line":206,"column":48}},"66":{"start":{"line":220,"column":8},"end":{"line":220,"column":26}},"67":{"start":{"line":221,"column":8},"end":{"line":221,"column":25}},"68":{"start":{"line":222,"column":8},"end":{"line":222,"column":31}},"69":{"start":{"line":223,"column":8},"end":{"line":223,"column":30}},"70":{"start":{"line":224,"column":8},"end":{"line":224,"column":39}},"71":{"start":{"line":225,"column":8},"end":{"line":225,"column":31}},"72":{"start":{"line":226,"column":8},"end":{"line":226,"column":28}},"73":{"start":{"line":227,"column":8},"end":{"line":227,"column":33}},"74":{"start":{"line":228,"column":8},"end":{"line":228,"column":27}},"75":{"start":{"line":229,"column":8},"end":{"line":229,"column":42}},"76":{"start":{"line":230,"column":8},"end":{"line":230,"column":29}},"77":{"start":{"line":234,"column":8},"end":{"line":234,"column":32}},"78":{"start":{"line":238,"column":8},"end":{"line":238,"column":60}},"79":{"start":{"line":240,"column":8},"end":{"line":240,"column":8219}},"80":{"start":{"line":241,"column":12},"end":{"line":241,"column":45}},"81":{"start":{"line":242,"column":12},"end":{"line":242,"column":44}},"82":{"start":{"line":244,"column":8},"end":{"line":244,"column":19}},"83":{"start":{"line":252,"column":8},"end":{"line":252,"column":8560}},"84":{"start":{"line":255,"column":8},"end":{"line":255,"column":8601}},"85":{"start":{"line":256,"column":12},"end":{"line":256,"column":60}},"86":{"start":{"line":257,"column":12},"end":{"line":257,"column":43}},"87":{"start":{"line":259,"column":8},"end":{"line":259,"column":19}},"88":{"start":{"line":262,"column":8},"end":{"line":262,"column":51}},"89":{"start":{"line":263,"column":8},"end":{"line":263,"column":8958}},"90":{"start":{"line":264,"column":12},"end":{"line":264,"column":25}},"91":{"start":{"line":265,"column":8},"end":{"line":265,"column":21}},"92":{"start":{"line":269,"column":8},"end":{"line":269,"column":46}},"93":{"start":{"line":270,"column":8},"end":{"line":270,"column":53}},"94":{"start":{"line":271,"column":8},"end":{"line":271,"column":21}}},"branchMap":{"1":{"line":64,"type":"if","locations":[{"start":{"line":64,"column":8},"end":{"line":64,"column":8}},{"start":{"line":64,"column":8},"end":{"line":64,"column":8}}]},"2":{"line":65,"type":"if","locations":[{"start":{"line":65,"column":8},"end":{"line":65,"column":8}},{"start":{"line":65,"column":8},"end":{"line":65,"column":8}}]},"3":{"line":66,"type":"if","locations":[{"start":{"line":66,"column":8},"end":{"line":66,"column":8}},{"start":{"line":66,"column":8},"end":{"line":66,"column":8}}]},"4":{"line":70,"type":"if","locations":[{"start":{"line":70,"column":8},"end":{"line":70,"column":8}},{"start":{"line":70,"column":8},"end":{"line":70,"column":8}}]},"5":{"line":73,"type":"if","locations":[{"start":{"line":73,"column":8},"end":{"line":73,"column":8}},{"start":{"line":73,"column":8},"end":{"line":73,"column":8}}]},"6":{"line":75,"type":"if","locations":[{"start":{"line":75,"column":12},"end":{"line":75,"column":12}},{"start":{"line":75,"column":12},"end":{"line":75,"column":12}}]},"7":{"line":82,"type":"if","locations":[{"start":{"line":82,"column":8},"end":{"line":82,"column":8}},{"start":{"line":82,"column":8},"end":{"line":82,"column":8}}]},"8":{"line":83,"type":"if","locations":[{"start":{"line":83,"column":12},"end":{"line":83,"column":12}},{"start":{"line":83,"column":12},"end":{"line":83,"column":12}}]},"9":{"line":84,"type":"if","locations":[{"start":{"line":84,"column":12},"end":{"line":84,"column":12}},{"start":{"line":84,"column":12},"end":{"line":84,"column":12}}]},"10":{"line":90,"type":"if","locations":[{"start":{"line":90,"column":13},"end":{"line":90,"column":13}},{"start":{"line":90,"column":13},"end":{"line":90,"column":13}}]},"11":{"line":104,"type":"if","locations":[{"start":{"line":104,"column":8},"end":{"line":104,"column":8}},{"start":{"line":104,"column":8},"end":{"line":104,"column":8}}]},"12":{"line":119,"type":"if","locations":[{"start":{"line":119,"column":8},"end":{"line":119,"column":8}},{"start":{"line":119,"column":8},"end":{"line":119,"column":8}}]},"13":{"line":164,"type":"if","locations":[{"start":{"line":164,"column":8},"end":{"line":164,"column":8}},{"start":{"line":164,"column":8},"end":{"line":164,"column":8}}]},"14":{"line":165,"type":"if","locations":[{"start":{"line":165,"column":12},"end":{"line":165,"column":12}},{"start":{"line":165,"column":12},"end":{"line":165,"column":12}}]},"15":{"line":167,"type":"if","locations":[{"start":{"line":167,"column":12},"end":{"line":167,"column":12}},{"start":{"line":167,"column":12},"end":{"line":167,"column":12}}]},"16":{"line":203,"type":"if","locations":[{"start":{"line":203,"column":12},"end":{"line":203,"column":12}},{"start":{"line":203,"column":12},"end":{"line":203,"column":12}}]},"17":{"line":263,"type":"if","locations":[{"start":{"line":263,"column":8},"end":{"line":263,"column":8}},{"start":{"line":263,"column":8},"end":{"line":263,"column":8}}]}}}}