TN:
SF:/home/nixkoo/wolfy/SmartContract/hardhat/contracts/AuctionV2.sol
FN:58,constructor
FN:65,setFeeTakerFee
FN:75,transferFeeAddress
FN:81,createAuction
FN:122,createAuctionSingle
FN:141,createAuctionTimeLong
FN:150,bid
FN:186,finishAuction
FN:228,acepOffert
FN:259,removeOffer
FN:285,removeBit
FN:301,auctionStarted
FN:306,auctionIsOver
FN:314,auctionIsActive
FN:318,auctionIsInfinity
FN:323,payFees
FN:340,payArtFees
FN:360,getAllSellerOrdersUser
FN:374,getSellerOrderLength
FN:379,getSellerOrderUserByIndex
FN:387,getAllBuyerOrdersUser
FN:399,getBuyerOrderLength
FN:403,getBuyerOrderUserByIndex
FN:411,getAllAuctionsID
FN:419,getAllAuctions
FN:428,getAuctionLength
FN:432,getAuctionByIndex
FNF:27
FNH:10
FNDA:108,constructor
FNDA:4,setFeeTakerFee
FNDA:2,transferFeeAddress
FNDA:15,createAuction
FNDA:17,createAuctionSingle
FNDA:0,createAuctionTimeLong
FNDA:9,bid
FNDA:6,finishAuction
FNDA:0,acepOffert
FNDA:0,removeOffer
FNDA:0,removeBit
FNDA:8,auctionStarted
FNDA:13,auctionIsOver
FNDA:15,auctionIsActive
FNDA:0,auctionIsInfinity
FNDA:0,payFees
FNDA:0,payArtFees
FNDA:0,getAllSellerOrdersUser
FNDA:0,getSellerOrderLength
FNDA:0,getSellerOrderUserByIndex
FNDA:0,getAllBuyerOrdersUser
FNDA:0,getBuyerOrderLength
FNDA:0,getBuyerOrderUserByIndex
FNDA:0,getAllAuctionsID
FNDA:0,getAllAuctions
FNDA:0,getAuctionLength
FNDA:0,getAuctionByIndex
DA:59,108
DA:60,108
DA:61,108
DA:62,108
DA:66,4
DA:67,3
DA:71,2
DA:72,2
DA:76,2
DA:77,1
DA:78,1
DA:89,15
DA:90,17
DA:91,17
DA:92,17
DA:93,17
DA:94,17
DA:95,17
DA:96,17
DA:97,17
DA:98,17
DA:99,17
DA:100,17
DA:101,17
DA:102,17
DA:103,17
DA:105,17
DA:112,17
DA:130,17
DA:134,16
DA:138,15
DA:147,0
DA:151,9
DA:152,8
DA:153,7
DA:154,6
DA:155,6
DA:156,6
DA:157,0
DA:158,0
DA:160,0
DA:162,0
DA:165,6
DA:166,6
DA:167,6
DA:171,4
DA:173,0
DA:177,0
DA:180,4
DA:181,4
DA:182,4
DA:183,4
DA:187,6
DA:188,5
DA:189,1
DA:190,1
DA:191,1
DA:192,1
DA:193,0
DA:195,1
DA:196,0
DA:199,1
DA:200,0
DA:201,0
DA:207,0
DA:213,0
DA:214,0
DA:216,0
DA:217,0
DA:218,0
DA:219,0
DA:229,0
DA:230,0
DA:231,0
DA:235,0
DA:236,0
DA:237,0
DA:245,0
DA:246,0
DA:247,0
DA:248,0
DA:249,0
DA:250,0
DA:260,0
DA:261,0
DA:263,0
DA:267,0
DA:273,0
DA:274,0
DA:275,0
DA:277,0
DA:279,0
DA:281,0
DA:282,0
DA:286,0
DA:287,0
DA:288,0
DA:289,0
DA:290,0
DA:291,0
DA:292,0
DA:294,0
DA:296,0
DA:297,0
DA:298,0
DA:302,8
DA:303,8
DA:307,13
DA:308,13
DA:309,0
DA:311,13
DA:315,15
DA:319,0
DA:320,0
DA:329,0
DA:330,0
DA:331,0
DA:332,0
DA:333,0
DA:334,0
DA:336,0
DA:337,0
DA:345,0
DA:346,0
DA:347,0
DA:348,0
DA:349,0
DA:351,0
DA:353,0
DA:365,0
DA:368,0
DA:369,0
DA:371,0
DA:375,0
DA:384,0
DA:392,0
DA:393,0
DA:394,0
DA:396,0
DA:400,0
DA:408,0
DA:412,0
DA:413,0
DA:414,0
DA:416,0
DA:420,0
DA:421,0
DA:422,0
DA:423,0
DA:425,0
DA:429,0
DA:433,0
LF:152
LH:59
BRDA:59,1,0,108
BRDA:59,1,1,0
BRDA:66,2,0,3
BRDA:66,2,1,1
BRDA:67,3,0,2
BRDA:67,3,1,1
BRDA:76,4,0,1
BRDA:76,4,1,1
BRDA:130,5,0,16
BRDA:130,5,1,1
BRDA:134,6,0,15
BRDA:134,6,1,1
BRDA:151,7,0,8
BRDA:151,7,1,1
BRDA:152,8,0,7
BRDA:152,8,1,1
BRDA:153,9,0,6
BRDA:153,9,1,1
BRDA:156,10,0,0
BRDA:156,10,1,6
BRDA:157,11,0,0
BRDA:157,11,1,0
BRDA:165,12,0,6
BRDA:165,12,1,0
BRDA:166,13,0,6
BRDA:166,13,1,0
BRDA:167,14,0,4
BRDA:167,14,1,2
BRDA:173,15,0,0
BRDA:173,15,1,0
BRDA:187,16,0,5
BRDA:187,16,1,1
BRDA:188,17,0,1
BRDA:188,17,1,4
BRDA:189,18,0,1
BRDA:189,18,1,0
BRDA:192,19,0,0
BRDA:192,19,1,1
BRDA:195,20,0,0
BRDA:195,20,1,1
BRDA:199,21,0,0
BRDA:199,21,1,1
BRDA:200,22,0,0
BRDA:200,22,1,0
BRDA:229,23,0,0
BRDA:229,23,1,0
BRDA:230,24,0,0
BRDA:230,24,1,0
BRDA:231,25,0,0
BRDA:231,25,1,0
BRDA:236,26,0,0
BRDA:236,26,1,0
BRDA:260,27,0,0
BRDA:260,27,1,0
BRDA:263,28,0,0
BRDA:263,28,1,0
BRDA:273,29,0,0
BRDA:273,29,1,0
BRDA:274,30,0,0
BRDA:274,30,1,0
BRDA:286,31,0,0
BRDA:286,31,1,0
BRDA:288,32,0,0
BRDA:288,32,1,0
BRDA:289,33,0,0
BRDA:289,33,1,0
BRDA:290,34,0,0
BRDA:290,34,1,0
BRDA:291,35,0,0
BRDA:291,35,1,0
BRDA:308,36,0,0
BRDA:308,36,1,13
BRDA:329,37,0,0
BRDA:329,37,1,0
BRDA:332,38,0,0
BRDA:332,38,1,0
BRDA:348,39,0,0
BRDA:348,39,1,0
BRF:78
BRH:31
end_of_record
TN:
SF:/home/nixkoo/wolfy/SmartContract/hardhat/contracts/clone.sol
FN:25,constructor
FN:29,cloneLength
FN:33,clone
FN:59,getOwnerToken
FN:64,getAddressForAddress
FN:72,getTokenMintForAddress
FN:76,getAllTokenAddress
FN:80,getAllTokenAddressForUser
FNF:8
FNH:0
FNDA:0,constructor
FNDA:0,cloneLength
FNDA:0,clone
FNDA:0,getOwnerToken
FNDA:0,getAddressForAddress
FNDA:0,getTokenMintForAddress
FNDA:0,getAllTokenAddress
FNDA:0,getAllTokenAddressForUser
DA:26,0
DA:27,0
DA:30,0
DA:41,0
DA:42,0
DA:44,0
DA:52,0
DA:53,0
DA:54,0
DA:55,0
DA:60,0
DA:65,0
DA:66,0
DA:67,0
DA:69,0
DA:73,0
DA:77,0
DA:81,0
DA:82,0
DA:83,0
DA:84,0
DA:86,0
LF:22
LH:0
BRF:0
BRH:0
end_of_record
TN:
SF:/home/nixkoo/wolfy/SmartContract/hardhat/contracts/ERC20.sol
FN:7,constructor
FNF:1
FNH:1
FNDA:108,constructor
DA:8,108
LF:1
LH:1
BRF:0
BRH:0
end_of_record
TN:
SF:/home/nixkoo/wolfy/SmartContract/hardhat/contracts/ERC721.sol
FN:12,constructor
FN:21,owner
FN:24,name
FN:28,symbol
FN:32,initializer
FN:37,initialize
FN:46,safeMint
FN:50,safeMint_
FN:56,safeMint
FN:62,_baseURI
FN:66,setBaseURI
FN:69,tokenURI
FN:74,baseURI
FN:77,setTokenURI
FN:81,exists
FNF:15
FNH:7
FNDA:108,constructor
FNDA:25,owner
FNDA:0,name
FNDA:0,symbol
FNDA:36,initializer
FNDA:36,initialize
FNDA:25,safeMint
FNDA:61,safeMint_
FNDA:36,safeMint
FNDA:0,_baseURI
FNDA:0,setBaseURI
FNDA:0,tokenURI
FNDA:0,baseURI
FNDA:0,setTokenURI
FNDA:0,exists
DA:13,108
DA:22,25
DA:25,0
DA:29,0
DA:33,36
DA:34,36
DA:38,36
DA:39,36
DA:40,36
DA:41,36
DA:42,36
DA:43,36
DA:47,25
DA:51,61
DA:52,61
DA:53,61
DA:57,36
DA:58,36
DA:63,0
DA:67,0
DA:70,0
DA:71,0
DA:75,0
DA:78,0
DA:82,0
LF:25
LH:16
BRDA:33,1,0,36
BRDA:33,1,1,0
BRDA:70,2,0,0
BRDA:70,2,1,0
BRF:4
BRH:1
end_of_record
TN:
SF:/home/nixkoo/wolfy/SmartContract/hardhat/contracts/ERC721UUPS.sol
FN:26,constructor
FN:35,initialize
FN:46,setFee
FN:52,safeMint
FN:62,safeMintBatch
FN:68,safeMint
FN:78,_authorizeUpgrade
FN:81,supportsInterface
FN:91,_burn
FN:98,tokenURI
FN:107,_beforeTokenTransfer
FN:113,totalSupply
FN:117,tokensByOwner
FNF:13
FNH:0
FNDA:0,constructor
FNDA:0,initialize
FNDA:0,setFee
FNDA:0,safeMint
FNDA:0,safeMintBatch
FNDA:0,safeMint
FNDA:0,_authorizeUpgrade
FNDA:0,supportsInterface
FNDA:0,_burn
FNDA:0,tokenURI
FNDA:0,_beforeTokenTransfer
FNDA:0,totalSupply
FNDA:0,tokensByOwner
DA:36,0
DA:37,0
DA:38,0
DA:39,0
DA:40,0
DA:41,0
DA:42,0
DA:43,0
DA:47,0
DA:48,0
DA:50,0
DA:57,0
DA:58,0
DA:63,0
DA:64,0
DA:69,0
DA:70,0
DA:71,0
DA:72,0
DA:87,0
DA:95,0
DA:104,0
DA:111,0
DA:114,0
DA:118,0
DA:119,0
DA:120,0
DA:121,0
DA:123,0
LF:29
LH:0
BRDA:47,1,0,0
BRDA:47,1,1,0
BRF:2
BRH:0
end_of_record
TN:
SF:/home/nixkoo/wolfy/SmartContract/hardhat/contracts/Greeter.sol
FN:9,constructor
FN:13,greet
FN:17,setGreeting
FNF:3
FNH:0
FNDA:0,constructor
FNDA:0,greet
FNDA:0,setGreeting
DA:10,0
DA:14,0
DA:19,0
LF:3
LH:0
BRF:0
BRH:0
end_of_record
TN:
SF:/home/nixkoo/wolfy/SmartContract/hardhat/contracts/IERC721UUPS.sol
FNF:0
FNH:0
LF:0
LH:0
BRF:0
BRH:0
end_of_record
TN:
SF:/home/nixkoo/wolfy/SmartContract/hardhat/contracts/IMarket.sol
FNF:0
FNH:0
LF:0
LH:0
BRF:0
BRH:0
end_of_record
TN:
SF:/home/nixkoo/wolfy/SmartContract/hardhat/contracts/IMarketNFT.sol
FNF:0
FNH:0
LF:0
LH:0
BRF:0
BRH:0
end_of_record
TN:
SF:/home/nixkoo/wolfy/SmartContract/hardhat/contracts/MArket.sol
FN:37,constructor
FN:44,setMakerFee
FN:47,setTakerFee
FN:51,buyToken
FN:58,buyTokenTo
FN:118,cancelSellToken
FN:137,readyToSellToken
FN:153,readyToSellTokenTo
FN:209,createOrderHandle
FN:233,getAskLength
FN:237,getAsks
FN:247,getAsksByUser
FN:261,getOrder
FN:268,getOrderByIndex
FNF:14
FNH:9
FNDA:108,constructor
FNDA:1,setMakerFee
FNDA:1,setTakerFee
FNDA:6,buyToken
FNDA:6,buyTokenTo
FNDA:2,cancelSellToken
FNDA:8,readyToSellToken
FNDA:8,readyToSellTokenTo
FNDA:7,createOrderHandle
FNDA:0,getAskLength
FNDA:0,getAsks
FNDA:0,getAsksByUser
FNDA:0,getOrder
FNDA:0,getOrderByIndex
DA:38,108
DA:39,108
DA:40,108
DA:41,108
DA:45,1
DA:48,1
DA:55,6
DA:64,6
DA:65,6
DA:66,5
DA:67,4
DA:68,4
DA:69,4
DA:70,4
DA:71,3
DA:72,3
DA:73,3
DA:74,0
DA:75,0
DA:76,0
DA:78,3
DA:79,3
DA:80,3
DA:81,0
DA:82,0
DA:83,0
DA:84,0
DA:85,0
DA:87,0
DA:88,0
DA:90,0
DA:91,0
DA:93,0
DA:94,0
DA:96,0
DA:99,0
DA:100,0
DA:101,0
DA:103,0
DA:104,0
DA:105,0
DA:106,0
DA:107,0
DA:108,0
DA:110,0
DA:112,0
DA:113,0
DA:119,2
DA:123,1
DA:125,1
DA:126,1
DA:127,1
DA:129,1
DA:130,1
DA:131,1
DA:132,1
DA:144,8
DA:161,8
DA:162,8
DA:163,8
DA:164,8
DA:165,1
DA:167,7
DA:188,7
DA:202,7
DA:203,7
DA:204,7
DA:206,7
DA:220,7
DA:221,7
DA:222,7
DA:223,7
DA:224,7
DA:225,7
DA:226,7
DA:227,7
DA:228,7
DA:229,7
DA:230,7
DA:234,0
DA:238,0
DA:240,0
DA:241,0
DA:242,0
DA:244,0
DA:252,0
DA:255,0
DA:256,0
DA:257,0
DA:259,0
DA:262,0
DA:263,0
DA:264,0
DA:265,0
DA:269,0
DA:270,0
DA:271,0
LF:97
LH:52
BRDA:64,1,0,6
BRDA:64,1,1,0
BRDA:65,2,0,5
BRDA:65,2,1,1
BRDA:66,3,0,4
BRDA:66,3,1,1
BRDA:70,4,0,3
BRDA:70,4,1,1
BRDA:73,5,0,0
BRDA:73,5,1,3
BRDA:75,6,0,0
BRDA:75,6,1,0
BRDA:82,7,0,0
BRDA:82,7,1,0
BRDA:83,8,0,0
BRDA:83,8,1,0
BRDA:84,9,0,0
BRDA:84,9,1,0
BRDA:90,10,0,0
BRDA:90,10,1,0
BRDA:104,11,0,0
BRDA:104,11,1,0
BRDA:119,12,0,1
BRDA:119,12,1,1
BRDA:164,13,0,1
BRDA:164,13,1,7
BRDA:165,14,0,0
BRDA:165,14,1,1
BRDA:167,15,0,7
BRDA:167,15,1,0
BRDA:203,16,0,7
BRDA:203,16,1,0
BRDA:263,17,0,0
BRDA:263,17,1,0
BRF:34
BRH:15
end_of_record
